<?xml version="1.0" encoding="UTF-8" ?>
<testsuite errors="0" failures="0" hostname="Evandros-MacBook-Pro.local" name="br.org.cesar.unittests.api.MyApiConsumerTest" skipped="0" tests="5" time="0.077" timestamp="2014-05-31T21:30:26">
  <properties>
[...]
</properties>
  <testcase classname="br.org.cesar.unittests.api.MyApiConsumerTest" name="testSumAtoBWhenServerisDown" time="0.008" />
  <testcase classname="br.org.cesar.unittests.api.MyApiConsumerTest" name="testSubtractAfromBWhenServerisDown" time="0.0" />
  <testcase classname="br.org.cesar.unittests.api.MyApiConsumerTest" name="testMyApiConsumer" time="0.0" />
  <testcase classname="br.org.cesar.unittests.api.MyApiConsumerTest" name="testSubtractAfromB" time="0.001" />
  <testcase classname="br.org.cesar.unittests.api.MyApiConsumerTest" name="testSumAtoB" time="0.0" />
  <system-out><![CDATA[]]></system-out>
  <system-err><![CDATA[]]></system-err>
</testsuite>
